<?xml version="1.0" encoding="UTF-8" ?>
<testsuite tests="13" failures="0" name="com.sg.capstone.service.BlogPostServiceTest" time="2.796" errors="0" skipped="0">
  <properties>
[...]
</properties>
  <testcase classname="com.sg.capstone.service.BlogPostServiceTest" name="testAddGetDeleteBlogPost" time="0.177"/>
  <testcase classname="com.sg.capstone.service.BlogPostServiceTest" name="testUpdateBlogPost" time="0.224"/>
  <testcase classname="com.sg.capstone.service.BlogPostServiceTest" name="testGetAllBlogPosts" time="0.177"/>
  <testcase classname="com.sg.capstone.service.BlogPostServiceTest" name="testGetAllActiveBlogPosts" time="0.148"/>
  <testcase classname="com.sg.capstone.service.BlogPostServiceTest" name="testGetAllBlogPostsByDate" time="0.168"/>
  <testcase classname="com.sg.capstone.service.BlogPostServiceTest" name="testGetBlogPostByBlogPostCategoryBridgeID" time="0.279"/>
  <testcase classname="com.sg.capstone.service.BlogPostServiceTest" name="testGetAllBlogPostsByTagID" time="0.3"/>
  <testcase classname="com.sg.capstone.service.BlogPostServiceTest" name="testGetAllBlogPostsByCategoryID" time="0.25"/>
  <testcase classname="com.sg.capstone.service.BlogPostServiceTest" name="testSetIsActiveToInActive" time="0.221"/>
  <testcase classname="com.sg.capstone.service.BlogPostServiceTest" name="testGetAllBlogPostByActive" time="0.189"/>
  <testcase classname="com.sg.capstone.service.BlogPostServiceTest" name="testGetAllBlogPostsByUserID" time="0.244"/>
  <testcase classname="com.sg.capstone.service.BlogPostServiceTest" name="testGetAllActiveUnexpiredBlogPosts" time="0.244"/>
  <testcase classname="com.sg.capstone.service.BlogPostServiceTest" name="testSetIsActiveToActive" time="0.175"/>
</testsuite>